<?xml version="1.0" encoding="UTF-8" ?>
<testsuite errors="2" failures="0" hostname="Mike-Win81" name="suite.Increment2Suite" skipped="0" tests="55" time="0.504" timestamp="2014-03-31T17:07:45">
  <properties>
[...]
</properties>
  <testcase classname="structure.UnitTestCell" name="testGetValue" time="0.004" />
  <testcase classname="structure.UnitTestCell" name="testCellConstructor" time="0.0" />
  <testcase classname="structure.UnitTestCell" name="testSetCellFormula" time="0.0" />
  <testcase classname="structure.UnitTestCell" name="testGetCellFormula" time="0.001" />
  <testcase classname="structure.UnitTestCell" name="testGetValueString" time="0.0" />
  <testcase classname="structure.UnitTestCell" name="testEquals" time="0.0" />
  <testcase classname="structure.UnitTestFormula" name="testExceptions" time="0.0" />
  <testcase classname="structure.UnitTestFormula" name="testPrivateMethodsFormula" time="0.001" />
  <testcase classname="structure.UnitTestFormula" name="testCellReferences" time="0.001" />
  <testcase classname="structure.UnitTestFormula" name="testMiscOperations" time="0.001" />
  <testcase classname="structure.UnitTestFormula" name="testCircularReference" time="0.0" />
  <testcase classname="structure.UnitTestFormula" name="testBasicOperations" time="0.0" />
  <testcase classname="structure.UnitTestFormula" name="testPolynomialOperations" time="0.001" />
  <testcase classname="structure.UnitTestFormula" name="testNegativeNumbersPlus" time="0.0" />
  <testcase classname="structure.UnitTestFormula" name="testNegativeNumbers" time="0.0" />
  <testcase classname="structure.UnitTestTable" name="testGetWidth" time="0.0" />
  <testcase classname="structure.UnitTestTable" name="testCellSelection" time="0.0" />
  <testcase classname="structure.UnitTestTable" name="testExpandTable" time="0.0" />
  <testcase classname="structure.UnitTestTable" name="testUpdateRows" time="0.0" />
  <testcase classname="structure.UnitTestTable" name="testGetCell" time="0.0" />
  <testcase classname="structure.UnitTestTable" name="testDimensions" time="0.0" />
  <testcase classname="structure.UnitTestTable" name="testCellReferencing" time="0.0" />
  <testcase classname="structure.UnitTestTable" name="testIsCellSelected" time="0.0" />
  <testcase classname="structure.UnitTestTable" name="testExpandCol" time="0.0" />
  <testcase classname="structure.UnitTestTable" name="testExpandRow" time="0.0" />
  <testcase classname="structure.UnitTestTable" name="testGetLength" time="0.0" />
  <testcase classname="structure.UnitTestTable" name="testEquals" time="0.001" />
  <testcase classname="structure.UnitTestTable" name="testGetRow" time="0.001" />
  <testcase classname="structure.UnitTestTable" name="testGetColumnIndex" time="0.0" />
  <testcase classname="ui.UnitTestGridModel" name="testSetValueAt" time="0.002" />
  <testcase classname="ui.UnitTestGridModel" name="testGetValue" time="0.002" />
  <testcase classname="ui.UnitTestGridModel" name="testDimensionConstructor" time="0.0" />
  <testcase classname="ui.UnitTestGridModel" name="testDimensionRetreaval" time="0.009" />
  <testcase classname="ui.UnitTestGridModel" name="testTableConstructor" time="0.0" />
  <testcase classname="ui.UnitTestGridModel" name="testSelectCell" time="0.002" />
  <testcase classname="ui.UnitTestGui" name="testCreateNewPropertyChange" time="0.0" />
  <testcase classname="ui.UnitTestGui" name="testInputPropertyChange" time="0.241">
    <error message="String index out of range: 0" type="java.lang.StringIndexOutOfBoundsException">java.lang.StringIndexOutOfBoundsException: String index out of range: 0
	at java.lang.String.charAt(Unknown Source)
	at ui.Gui.propertyChange(Gui.java:103)
	at java.beans.PropertyChangeSupport.fire(Unknown Source)
	at java.beans.PropertyChangeSupport.firePropertyChange(Unknown Source)
	at java.beans.PropertyChangeSupport.firePropertyChange(Unknown Source)
	at java.awt.Component.firePropertyChange(Unknown Source)
	at ui.InputLineComponent.actionPerformed(InputLineComponent.java:85)
	at ui.UnitTestGui.testInputPropertyChange(UnitTestGui.java:42)
</error>
  </testcase>
  <testcase classname="ui.UnitTestGui" name="testSelectPropertyChange" time="0.124">
    <error message="String index out of range: 0" type="java.lang.StringIndexOutOfBoundsException">java.lang.StringIndexOutOfBoundsException: String index out of range: 0
	at java.lang.String.charAt(Unknown Source)
	at ui.Gui.propertyChange(Gui.java:103)
	at java.beans.PropertyChangeSupport.fire(Unknown Source)
	at java.beans.PropertyChangeSupport.firePropertyChange(Unknown Source)
	at java.beans.PropertyChangeSupport.firePropertyChange(Unknown Source)
	at java.awt.Component.firePropertyChange(Unknown Source)
	at ui.InputLineComponent.actionPerformed(InputLineComponent.java:85)
	at ui.UnitTestGui.testSelectPropertyChange(UnitTestGui.java:108)
</error>
  </testcase>
  <testcase classname="ui.UnitTestGui" name="openFile" time="0.0" />
  <testcase classname="ui.UnitTestGui" name="testSavePropertyChange" time="0.0" />
  <testcase classname="ui.UnitTestGui" name="testTableConstructor" time="0.014" />
  <testcase classname="ui.UnitTestGui" name="testLoadPropertyChange" time="0.0" />
  <testcase classname="ui.UnitTestInputLine" name="testSetGetText" time="0.001" />
  <testcase classname="ui.UnitTestInputLine" name="testSetGetMsg" time="0.0" />
  <testcase classname="ui.UnitTestInputLine" name="testInputConstructor" time="0.0" />
  <testcase classname="ui.UnitTestSaveFile" name="testOpenWrite" time="0.001" />
  <testcase classname="ui.UnitTestSaveFile" name="testLoad" time="0.004" />
  <testcase classname="ui.UnitTestSaveFile" name="testSave" time="0.002" />
  <testcase classname="ui.UnitTestSaveFile" name="testOpenRead" time="0.001" />
  <testcase classname="ui.UnitTestSaveFile" name="testImportExportLine" time="0.001" />
  <testcase classname="ui.UnitTestSpreadSheet" name="testDimensionConstructor" time="0.0" />
  <testcase classname="ui.UnitTestSpreadSheet" name="testActionPerformed" time="0.001" />
  <testcase classname="ui.UnitTestSpreadSheet" name="testIsSelected" time="0.002" />
  <testcase classname="ui.UnitTestSpreadSheet" name="testSetFormulaOfSelectedCell" time="0.002" />
  <testcase classname="ui.UnitTestSpreadSheet" name="testConstructor" time="0.001" />
  <system-out><![CDATA[row 1
column 2
0.0
select Cell at 1,2
input 2+3
row 2
0.0
select Cell at 2,2
input 
row 0
column 0
0.0
select Cell at 0,0
input 1
column 1
0.0
select Cell at 0,1
input 2
column 2
0.0
select Cell at 0,2
input 3
column 3
0.0
select Cell at 0,3
input 4
column 4
0.0
select Cell at 0,4
input 5
row 1
0.0
select Cell at 1,4
column 0
0.0
select Cell at 1,0
input 6
column 1
0.0
select Cell at 1,1
input 7
column 2
0.0
select Cell at 1,2
input 8
column 3
0.0
select Cell at 1,3
input 9
column 4
0.0
select Cell at 1,4
input 10
row 2
0.0
select Cell at 2,4
column 0
0.0
select Cell at 2,0
input 11
column 1
0.0
select Cell at 2,1
input 12
column 2
0.0
select Cell at 2,2
input 13
column 3
0.0
select Cell at 2,3
input 14
column 4
0.0
select Cell at 2,4
input 15
row 3
0.0
select Cell at 3,4
column 0
0.0
select Cell at 3,0
input 16
column 1
0.0
select Cell at 3,1
input 17
column 2
0.0
select Cell at 3,2
input 18
column 3
0.0
select Cell at 3,3
input 19
column 4
0.0
select Cell at 3,4
input 20
row 4
0.0
select Cell at 4,4
column 0
0.0
select Cell at 4,0
input 21
column 1
0.0
select Cell at 4,1
input 22
column 2
0.0
select Cell at 4,2
input 23
column 3
0.0
select Cell at 4,3
input 24
column 4
0.0
select Cell at 4,4
input 25
row 0
5.0
select Cell at 0,4
column 0
1.0
select Cell at 0,0
column 1
2.0
select Cell at 0,1
column 2
3.0
select Cell at 0,2
column 3
4.0
select Cell at 0,3
column 4
5.0
select Cell at 0,4
row 1
10.0
select Cell at 1,4
column 0
6.0
select Cell at 1,0
column 1
7.0
select Cell at 1,1
column 2
8.0
select Cell at 1,2
column 3
9.0
select Cell at 1,3
column 4
10.0
select Cell at 1,4
row 2
15.0
select Cell at 2,4
column 0
11.0
select Cell at 2,0
column 1
12.0
select Cell at 2,1
column 2
13.0
select Cell at 2,2
column 3
14.0
select Cell at 2,3
column 4
15.0
select Cell at 2,4
row 3
20.0
select Cell at 3,4
column 0
16.0
select Cell at 3,0
column 1
17.0
select Cell at 3,1
column 2
18.0
select Cell at 3,2
column 3
19.0
select Cell at 3,3
column 4
20.0
select Cell at 3,4
row 4
25.0
select Cell at 4,4
column 0
21.0
select Cell at 4,0
column 1
22.0
select Cell at 4,1
column 2
23.0
select Cell at 4,2
column 3
24.0
select Cell at 4,3
column 4
25.0
select Cell at 4,4
row 3
20.0
select Cell at 3,4
column 3
19.0
select Cell at 3,3
input 2+3
row 7
0.0
select Cell at 7,3
column 7
0.0
select Cell at 7,7
input 
Message:
Message: abc
row 1
column 2
0.0
row 19
column 19
0.0
column -1
row -1
row 1
column 2
0.0
row 1
column 2
0.0
]]></system-out>
  <system-err><![CDATA[]]></system-err>
</testsuite>
