<?xml version="1.0" encoding="UTF-8" ?>
<testsuite errors="0" failures="0" hostname="Mike-Win81" name="suite.Increment1Suite" skipped="0" tests="34" time="0.091" timestamp="2014-04-01T16:02:03">
  <properties>
[...]
</properties>
  <testcase classname="structure.UnitTestCell" name="testGetValue" time="0.004" />
  <testcase classname="structure.UnitTestCell" name="testCellConstructor" time="0.0" />
  <testcase classname="structure.UnitTestCell" name="testSetCellFormula" time="0.0" />
  <testcase classname="structure.UnitTestCell" name="testGetCellFormula" time="0.0" />
  <testcase classname="structure.UnitTestCell" name="testGetValueString" time="0.0" />
  <testcase classname="structure.UnitTestCell" name="testEquals" time="0.0" />
  <testcase classname="structure.UnitTestFormula" name="testExceptions" time="0.0" />
  <testcase classname="structure.UnitTestFormula" name="testPrivateMethodsFormula" time="0.0" />
  <testcase classname="structure.UnitTestFormula" name="testCellReferences" time="0.001" />
  <testcase classname="structure.UnitTestFormula" name="testMiscOperations" time="0.0" />
  <testcase classname="structure.UnitTestFormula" name="testCircularReference" time="0.0" />
  <testcase classname="structure.UnitTestFormula" name="testBasicOperations" time="0.0" />
  <testcase classname="structure.UnitTestFormula" name="testPolynomialOperations" time="0.001" />
  <testcase classname="structure.UnitTestFormula" name="testNegativeNumbersPlus" time="0.0" />
  <testcase classname="structure.UnitTestFormula" name="testNegativeNumbers" time="0.0" />
  <testcase classname="structure.UnitTestTable" name="testGetWidth" time="0.0" />
  <testcase classname="structure.UnitTestTable" name="testCellSelection" time="0.0" />
  <testcase classname="structure.UnitTestTable" name="testExpandTable" time="0.001" />
  <testcase classname="structure.UnitTestTable" name="testUpdateRows" time="0.0" />
  <testcase classname="structure.UnitTestTable" name="testGetCell" time="0.001" />
  <testcase classname="structure.UnitTestTable" name="testDimensions" time="0.0" />
  <testcase classname="structure.UnitTestTable" name="testCellReferencing" time="0.001" />
  <testcase classname="structure.UnitTestTable" name="testIsCellSelected" time="0.0" />
  <testcase classname="structure.UnitTestTable" name="testExpandCol" time="0.001" />
  <testcase classname="structure.UnitTestTable" name="testExpandRow" time="0.0" />
  <testcase classname="structure.UnitTestTable" name="testGetLength" time="0.0" />
  <testcase classname="structure.UnitTestTable" name="testEquals" time="0.0" />
  <testcase classname="structure.UnitTestTable" name="testGetRow" time="0.001" />
  <testcase classname="structure.UnitTestTable" name="testGetColumnIndex" time="0.0" />
  <testcase classname="ui.UnitTestSaveFile" name="testOpenWrite" time="0.002" />
  <testcase classname="ui.UnitTestSaveFile" name="testLoad" time="0.008" />
  <testcase classname="ui.UnitTestSaveFile" name="testSave" time="0.003" />
  <testcase classname="ui.UnitTestSaveFile" name="testOpenRead" time="0.001" />
  <testcase classname="ui.UnitTestSaveFile" name="testImportExportLine" time="0.002" />
  <system-out><![CDATA[]]></system-out>
  <system-err><![CDATA[]]></system-err>
</testsuite>
